c:\users\filla\downloads\glframework_starthere\x64\debug\int\vc141.pdb
c:\users\filla\downloads\glframework_starthere\x64\debug\int\vc141.idb
c:\users\filla\downloads\glframework_starthere\x64\debug\int\imgui.obj
c:\users\filla\downloads\glframework_starthere\x64\debug\int\imgui_demo.obj
c:\users\filla\downloads\glframework_starthere\x64\debug\int\imgui_draw.obj
c:\users\filla\downloads\glframework_starthere\x64\debug\int\imgui_impl_sdl_gl3.obj
c:\users\filla\downloads\glframework_starthere\x64\debug\int\my_render_code.obj
c:\users\filla\downloads\glframework_starthere\x64\debug\int\main.obj
c:\users\filla\downloads\glframework_starthere\x64\debug\int\physics.obj
c:\users\filla\downloads\glframework_starthere\x64\debug\int\render.obj
c:\users\filla\downloads\glframework_starthere\x64\debug\int\render_prims.obj
d:\data\universitat\3er any\informàtica gràfica\cube\glframework_starthere\x64\debug\int\vc141.pdb
d:\data\universitat\3er any\informàtica gràfica\cube\glframework_starthere\x64\debug\int\vc141.idb
d:\data\universitat\3er any\informàtica gràfica\cube\glframework_starthere\x64\debug\int\imgui.obj
d:\data\universitat\3er any\informàtica gràfica\cube\glframework_starthere\x64\debug\int\imgui_demo.obj
d:\data\universitat\3er any\informàtica gràfica\cube\glframework_starthere\x64\debug\int\imgui_draw.obj
d:\data\universitat\3er any\informàtica gràfica\cube\glframework_starthere\x64\debug\int\imgui_impl_sdl_gl3.obj
d:\data\universitat\3er any\informàtica gràfica\cube\glframework_starthere\x64\debug\int\my_render_code.obj
d:\data\universitat\3er any\informàtica gràfica\cube\glframework_starthere\x64\debug\int\main.obj
d:\data\universitat\3er any\informàtica gràfica\cube\glframework_starthere\x64\debug\int\physics.obj
d:\data\universitat\3er any\informàtica gràfica\cube\glframework_starthere\x64\debug\int\render.obj
d:\data\universitat\3er any\informàtica gràfica\cube\glframework_starthere\x64\debug\int\render_prims.obj
c:\users\filla\downloads\glframework_starthere\x64\debug\gl_framework.lib
c:\users\filla\downloads\glframework_starthere\x64\debug\gl_framework.exp
d:\data\universitat\3er any\informàtica gràfica\cube\glframework_starthere\x64\debug\gl_framework.lib
d:\data\universitat\3er any\informàtica gràfica\cube\glframework_starthere\x64\debug\gl_framework.exp
c:\users\filla\downloads\glframework_starthere\x64\debug\gl_framework.exe
c:\users\filla\downloads\glframework_starthere\x64\debug\gl_framework.ilk
c:\users\filla\downloads\glframework_starthere\x64\debug\gl_framework.pdb
d:\data\universitat\3er any\informàtica gràfica\cube\glframework_starthere\x64\debug\gl_framework.exe
d:\data\universitat\3er any\informàtica gràfica\cube\glframework_starthere\x64\debug\gl_framework.ilk
d:\data\universitat\3er any\informàtica gràfica\cube\glframework_starthere\x64\debug\gl_framework.pdb
d:\data\universitat\3er any\informàtica gràfica\cube\glframework_starthere\x64\debug\int\gl_framework.tlog\cl.command.1.tlog
d:\data\universitat\3er any\informàtica gràfica\cube\glframework_starthere\x64\debug\int\gl_framework.tlog\cl.read.1.tlog
d:\data\universitat\3er any\informàtica gràfica\cube\glframework_starthere\x64\debug\int\gl_framework.tlog\cl.write.1.tlog
d:\data\universitat\3er any\informàtica gràfica\cube\glframework_starthere\x64\debug\int\gl_framework.tlog\gl_framework.write.1u.tlog
d:\data\universitat\3er any\informàtica gràfica\cube\glframework_starthere\x64\debug\int\gl_framework.tlog\link.command.1.tlog
d:\data\universitat\3er any\informàtica gràfica\cube\glframework_starthere\x64\debug\int\gl_framework.tlog\link.delete.1.tlog
d:\data\universitat\3er any\informàtica gràfica\cube\glframework_starthere\x64\debug\int\gl_framework.tlog\link.read.1.tlog
d:\data\universitat\3er any\informàtica gràfica\cube\glframework_starthere\x64\debug\int\gl_framework.tlog\link.write.1.tlog
